

Started GET "/" for 86.9.202.223 at 2016-02-23 08:15:38 -0500
Processing by PagesController#welcome as HTML
  Rendered pages/welcome.html.erb within layouts/application (2.4ms)
Completed 200 OK in 901ms (Views: 886.8ms | ActiveRecord: 0.0ms)


Started GET "/assets/pages.css?body=1" for 86.9.202.223 at 2016-02-23 08:15:40 -0500


Started GET "/assets/pages.js?body=1" for 86.9.202.223 at 2016-02-23 08:15:40 -0500


Started GET "/assets/application.css?body=1" for 86.9.202.223 at 2016-02-23 08:15:40 -0500


Started GET "/assets/jquery.min.js?body=1" for 86.9.202.223 at 2016-02-23 08:15:40 -0500


Started GET "/assets/unslider.js?body=1" for 86.9.202.223 at 2016-02-23 08:15:40 -0500


Started GET "/assets/jquery_ujs.js?body=1" for 86.9.202.223 at 2016-02-23 08:15:40 -0500


Started GET "/assets/application.js?body=1" for 86.9.202.223 at 2016-02-23 08:15:40 -0500


Started GET "/assets/turbolinks.js?body=1" for 86.9.202.223 at 2016-02-23 08:15:40 -0500


Started GET "/about" for 86.9.202.223 at 2016-02-23 08:15:44 -0500
Processing by PagesController#about as HTML
  Rendered pages/about.html.erb within layouts/application (0.5ms)
Completed 200 OK in 38ms (Views: 37.3ms | ActiveRecord: 0.0ms)


Started GET "/contact" for 86.9.202.223 at 2016-02-23 08:15:45 -0500
Processing by PagesController#contact as HTML
  Rendered pages/contact.html.erb within layouts/application (0.4ms)
Completed 200 OK in 66ms (Views: 65.5ms | ActiveRecord: 0.0ms)


Started GET "/assets/instagram-057a090ac0e0184c68efc07e412eec3b.svg" for 86.9.202.223 at 2016-02-23 08:15:45 -0500

ActionController::RoutingError (No route matches [GET] "/assets/instagram-057a090ac0e0184c68efc07e412eec3b.svg"):
  actionpack (4.1.1) lib/action_dispatch/middleware/debug_exceptions.rb:21:in `call'
  actionpack (4.1.1) lib/action_dispatch/middleware/show_exceptions.rb:30:in `call'
  railties (4.1.1) lib/rails/rack/logger.rb:38:in `call_app'
  railties (4.1.1) lib/rails/rack/logger.rb:20:in `block in call'
  activesupport (4.1.1) lib/active_support/tagged_logging.rb:68:in `block in tagged'
  activesupport (4.1.1) lib/active_support/tagged_logging.rb:26:in `tagged'
  activesupport (4.1.1) lib/active_support/tagged_logging.rb:68:in `tagged'
  railties (4.1.1) lib/rails/rack/logger.rb:20:in `call'
  actionpack (4.1.1) lib/action_dispatch/middleware/request_id.rb:21:in `call'
  rack (1.5.5) lib/rack/methodoverride.rb:21:in `call'
  rack (1.5.5) lib/rack/runtime.rb:17:in `call'
  activesupport (4.1.1) lib/active_support/cache/strategy/local_cache_middleware.rb:26:in `call'
  rack (1.5.5) lib/rack/lock.rb:17:in `call'
  actionpack (4.1.1) lib/action_dispatch/middleware/static.rb:64:in `call'
  rack (1.5.5) lib/rack/sendfile.rb:112:in `call'
  railties (4.1.1) lib/rails/engine.rb:514:in `call'
  railties (4.1.1) lib/rails/application.rb:144:in `call'
  rack (1.5.5) lib/rack/lock.rb:17:in `call'
  rack (1.5.5) lib/rack/content_length.rb:14:in `call'
  rack (1.5.5) lib/rack/handler/webrick.rb:60:in `service'
  /usr/lib/ruby/2.0.0/webrick/httpserver.rb:138:in `service'
  /usr/lib/ruby/2.0.0/webrick/httpserver.rb:94:in `run'
  /usr/lib/ruby/2.0.0/webrick/server.rb:295:in `block in start_thread'


  Rendered /home/ccuser/.gem/ruby/2.0.0/gems/actionpack-4.1.1/lib/action_dispatch/middleware/templates/rescues/_trace.html.erb (1.1ms)
  Rendered /home/ccuser/.gem/ruby/2.0.0/gems/actionpack-4.1.1/lib/action_dispatch/middleware/templates/routes/_route.html.erb (1.0ms)
  Rendered /home/ccuser/.gem/ruby/2.0.0/gems/actionpack-4.1.1/lib/action_dispatch/middleware/templates/routes/_table.html.erb (6.2ms)
  Rendered /home/ccuser/.gem/ruby/2.0.0/gems/actionpack-4.1.1/lib/action_dispatch/middleware/templates/rescues/routing_error.html.erb within rescues/layout (30.9ms)


Started GET "/assets/facebook-70848fad6bf158b9a52e47d9bc956b8a.svg" for 86.9.202.223 at 2016-02-23 08:15:45 -0500

ActionController::RoutingError (No route matches [GET] "/assets/facebook-70848fad6bf158b9a52e47d9bc956b8a.svg"):
  actionpack (4.1.1) lib/action_dispatch/middleware/debug_exceptions.rb:21:in `call'
  actionpack (4.1.1) lib/action_dispatch/middleware/show_exceptions.rb:30:in `call'
  railties (4.1.1) lib/rails/rack/logger.rb:38:in `call_app'
  railties (4.1.1) lib/rails/rack/logger.rb:20:in `block in call'
  activesupport (4.1.1) lib/active_support/tagged_logging.rb:68:in `block in tagged'
  activesupport (4.1.1) lib/active_support/tagged_logging.rb:26:in `tagged'
  activesupport (4.1.1) lib/active_support/tagged_logging.rb:68:in `tagged'
  railties (4.1.1) lib/rails/rack/logger.rb:20:in `call'
  actionpack (4.1.1) lib/action_dispatch/middleware/request_id.rb:21:in `call'
  rack (1.5.5) lib/rack/methodoverride.rb:21:in `call'
  rack (1.5.5) lib/rack/runtime.rb:17:in `call'
  activesupport (4.1.1) lib/active_support/cache/strategy/local_cache_middleware.rb:26:in `call'
  rack (1.5.5) lib/rack/lock.rb:17:in `call'
  actionpack (4.1.1) lib/action_dispatch/middleware/static.rb:64:in `call'
  rack (1.5.5) lib/rack/sendfile.rb:112:in `call'
  railties (4.1.1) lib/rails/engine.rb:514:in `call'
  railties (4.1.1) lib/rails/application.rb:144:in `call'
  rack (1.5.5) lib/rack/lock.rb:17:in `call'
  rack (1.5.5) lib/rack/content_length.rb:14:in `call'
  rack (1.5.5) lib/rack/handler/webrick.rb:60:in `service'
  /usr/lib/ruby/2.0.0/webrick/httpserver.rb:138:in `service'
  /usr/lib/ruby/2.0.0/webrick/httpserver.rb:94:in `run'
  /usr/lib/ruby/2.0.0/webrick/server.rb:295:in `block in start_thread'


  Rendered /home/ccuser/.gem/ruby/2.0.0/gems/actionpack-4.1.1/lib/action_dispatch/middleware/templates/rescues/_trace.html.erb (1.0ms)
  Rendered /home/ccuser/.gem/ruby/2.0.0/gems/actionpack-4.1.1/lib/action_dispatch/middleware/templates/routes/_route.html.erb (0.9ms)
  Rendered /home/ccuser/.gem/ruby/2.0.0/gems/actionpack-4.1.1/lib/action_dispatch/middleware/templates/routes/_table.html.erb (1.0ms)
  Rendered /home/ccuser/.gem/ruby/2.0.0/gems/actionpack-4.1.1/lib/action_dispatch/middleware/templates/rescues/routing_error.html.erb within rescues/layout (16.2ms)


Started GET "/assets/gplus-b3a33145641e08e048cd10ed0ece59ce.svg" for 86.9.202.223 at 2016-02-23 08:15:45 -0500

ActionController::RoutingError (No route matches [GET] "/assets/gplus-b3a33145641e08e048cd10ed0ece59ce.svg"):
  actionpack (4.1.1) lib/action_dispatch/middleware/debug_exceptions.rb:21:in `call'
  actionpack (4.1.1) lib/action_dispatch/middleware/show_exceptions.rb:30:in `call'
  railties (4.1.1) lib/rails/rack/logger.rb:38:in `call_app'
  railties (4.1.1) lib/rails/rack/logger.rb:20:in `block in call'
  activesupport (4.1.1) lib/active_support/tagged_logging.rb:68:in `block in tagged'
  activesupport (4.1.1) lib/active_support/tagged_logging.rb:26:in `tagged'
  activesupport (4.1.1) lib/active_support/tagged_logging.rb:68:in `tagged'
  railties (4.1.1) lib/rails/rack/logger.rb:20:in `call'
  actionpack (4.1.1) lib/action_dispatch/middleware/request_id.rb:21:in `call'
  rack (1.5.5) lib/rack/methodoverride.rb:21:in `call'
  rack (1.5.5) lib/rack/runtime.rb:17:in `call'
  activesupport (4.1.1) lib/active_support/cache/strategy/local_cache_middleware.rb:26:in `call'
  rack (1.5.5) lib/rack/lock.rb:17:in `call'
  actionpack (4.1.1) lib/action_dispatch/middleware/static.rb:64:in `call'
  rack (1.5.5) lib/rack/sendfile.rb:112:in `call'
  railties (4.1.1) lib/rails/engine.rb:514:in `call'
  railties (4.1.1) lib/rails/application.rb:144:in `call'
  rack (1.5.5) lib/rack/lock.rb:17:in `call'
  rack (1.5.5) lib/rack/content_length.rb:14:in `call'
  rack (1.5.5) lib/rack/handler/webrick.rb:60:in `service'
  /usr/lib/ruby/2.0.0/webrick/httpserver.rb:138:in `service'
  /usr/lib/ruby/2.0.0/webrick/httpserver.rb:94:in `run'
  /usr/lib/ruby/2.0.0/webrick/server.rb:295:in `block in start_thread'


  Rendered /home/ccuser/.gem/ruby/2.0.0/gems/actionpack-4.1.1/lib/action_dispatch/middleware/templates/rescues/_trace.html.erb (1.8ms)
  Rendered /home/ccuser/.gem/ruby/2.0.0/gems/actionpack-4.1.1/lib/action_dispatch/middleware/templates/routes/_route.html.erb (1.4ms)
  Rendered /home/ccuser/.gem/ruby/2.0.0/gems/actionpack-4.1.1/lib/action_dispatch/middleware/templates/routes/_table.html.erb (1.1ms)
  Rendered /home/ccuser/.gem/ruby/2.0.0/gems/actionpack-4.1.1/lib/action_dispatch/middleware/templates/rescues/routing_error.html.erb within rescues/layout (20.3ms)


Started GET "/contact" for 86.9.202.223 at 2016-02-23 08:16:43 -0500
Processing by PagesController#contact as HTML
  Rendered pages/contact.html.erb within layouts/application (0.5ms)
Completed 200 OK in 115ms (Views: 114.1ms | ActiveRecord: 0.0ms)


Started GET "/assets/pages.css?body=1" for 86.9.202.223 at 2016-02-23 08:16:43 -0500


Started GET "/assets/jquery.min.js?body=1" for 86.9.202.223 at 2016-02-23 08:16:43 -0500


Started GET "/assets/jquery_ujs.js?body=1" for 86.9.202.223 at 2016-02-23 08:16:43 -0500


Started GET "/assets/application.css?body=1" for 86.9.202.223 at 2016-02-23 08:16:43 -0500


Started GET "/assets/turbolinks.js?body=1" for 86.9.202.223 at 2016-02-23 08:16:43 -0500


Started GET "/assets/unslider.js?body=1" for 86.9.202.223 at 2016-02-23 08:16:43 -0500


Started GET "/assets/application.js?body=1" for 86.9.202.223 at 2016-02-23 08:16:44 -0500


Started GET "/assets/pages.js?body=1" for 86.9.202.223 at 2016-02-23 08:16:44 -0500


Started GET "/assets/facebook-70848fad6bf158b9a52e47d9bc956b8a.svg" for 86.9.202.223 at 2016-02-23 08:16:44 -0500

ActionController::RoutingError (No route matches [GET] "/assets/facebook-70848fad6bf158b9a52e47d9bc956b8a.svg"):
  actionpack (4.1.1) lib/action_dispatch/middleware/debug_exceptions.rb:21:in `call'
  actionpack (4.1.1) lib/action_dispatch/middleware/show_exceptions.rb:30:in `call'
  railties (4.1.1) lib/rails/rack/logger.rb:38:in `call_app'
  railties (4.1.1) lib/rails/rack/logger.rb:20:in `block in call'
  activesupport (4.1.1) lib/active_support/tagged_logging.rb:68:in `block in tagged'
  activesupport (4.1.1) lib/active_support/tagged_logging.rb:26:in `tagged'
  activesupport (4.1.1) lib/active_support/tagged_logging.rb:68:in `tagged'
  railties (4.1.1) lib/rails/rack/logger.rb:20:in `call'
  actionpack (4.1.1) lib/action_dispatch/middleware/request_id.rb:21:in `call'
  rack (1.5.5) lib/rack/methodoverride.rb:21:in `call'
  rack (1.5.5) lib/rack/runtime.rb:17:in `call'
  activesupport (4.1.1) lib/active_support/cache/strategy/local_cache_middleware.rb:26:in `call'
  rack (1.5.5) lib/rack/lock.rb:17:in `call'
  actionpack (4.1.1) lib/action_dispatch/middleware/static.rb:64:in `call'
  rack (1.5.5) lib/rack/sendfile.rb:112:in `call'
  railties (4.1.1) lib/rails/engine.rb:514:in `call'
  railties (4.1.1) lib/rails/application.rb:144:in `call'
  rack (1.5.5) lib/rack/lock.rb:17:in `call'
  rack (1.5.5) lib/rack/content_length.rb:14:in `call'
  rack (1.5.5) lib/rack/handler/webrick.rb:60:in `service'
  /usr/lib/ruby/2.0.0/webrick/httpserver.rb:138:in `service'
  /usr/lib/ruby/2.0.0/webrick/httpserver.rb:94:in `run'
  /usr/lib/ruby/2.0.0/webrick/server.rb:295:in `block in start_thread'


  Rendered /home/ccuser/.gem/ruby/2.0.0/gems/actionpack-4.1.1/lib/action_dispatch/middleware/templates/rescues/_trace.html.erb (1.0ms)
  Rendered /home/ccuser/.gem/ruby/2.0.0/gems/actionpack-4.1.1/lib/action_dispatch/middleware/templates/routes/_route.html.erb (0.8ms)
  Rendered /home/ccuser/.gem/ruby/2.0.0/gems/actionpack-4.1.1/lib/action_dispatch/middleware/templates/routes/_table.html.erb (1.0ms)
  Rendered /home/ccuser/.gem/ruby/2.0.0/gems/actionpack-4.1.1/lib/action_dispatch/middleware/templates/rescues/routing_error.html.erb within rescues/layout (17.8ms)


Started GET "/assets/gplus-b3a33145641e08e048cd10ed0ece59ce.svg" for 86.9.202.223 at 2016-02-23 08:16:44 -0500

ActionController::RoutingError (No route matches [GET] "/assets/gplus-b3a33145641e08e048cd10ed0ece59ce.svg"):
  actionpack (4.1.1) lib/action_dispatch/middleware/debug_exceptions.rb:21:in `call'
  actionpack (4.1.1) lib/action_dispatch/middleware/show_exceptions.rb:30:in `call'
  railties (4.1.1) lib/rails/rack/logger.rb:38:in `call_app'
  railties (4.1.1) lib/rails/rack/logger.rb:20:in `block in call'
  activesupport (4.1.1) lib/active_support/tagged_logging.rb:68:in `block in tagged'
  activesupport (4.1.1) lib/active_support/tagged_logging.rb:26:in `tagged'
  activesupport (4.1.1) lib/active_support/tagged_logging.rb:68:in `tagged'
  railties (4.1.1) lib/rails/rack/logger.rb:20:in `call'
  actionpack (4.1.1) lib/action_dispatch/middleware/request_id.rb:21:in `call'
  rack (1.5.5) lib/rack/methodoverride.rb:21:in `call'
  rack (1.5.5) lib/rack/runtime.rb:17:in `call'
  activesupport (4.1.1) lib/active_support/cache/strategy/local_cache_middleware.rb:26:in `call'
  rack (1.5.5) lib/rack/lock.rb:17:in `call'
  actionpack (4.1.1) lib/action_dispatch/middleware/static.rb:64:in `call'
  rack (1.5.5) lib/rack/sendfile.rb:112:in `call'
  railties (4.1.1) lib/rails/engine.rb:514:in `call'
  railties (4.1.1) lib/rails/application.rb:144:in `call'
  rack (1.5.5) lib/rack/lock.rb:17:in `call'
  rack (1.5.5) lib/rack/content_length.rb:14:in `call'
  rack (1.5.5) lib/rack/handler/webrick.rb:60:in `service'
  /usr/lib/ruby/2.0.0/webrick/httpserver.rb:138:in `service'
  /usr/lib/ruby/2.0.0/webrick/httpserver.rb:94:in `run'
  /usr/lib/ruby/2.0.0/webrick/server.rb:295:in `block in start_thread'


  Rendered /home/ccuser/.gem/ruby/2.0.0/gems/actionpack-4.1.1/lib/action_dispatch/middleware/templates/rescues/_trace.html.erb (0.9ms)
  Rendered /home/ccuser/.gem/ruby/2.0.0/gems/actionpack-4.1.1/lib/action_dispatch/middleware/templates/routes/_route.html.erb (1.4ms)
  Rendered /home/ccuser/.gem/ruby/2.0.0/gems/actionpack-4.1.1/lib/action_dispatch/middleware/templates/routes/_table.html.erb (1.0ms)
  Rendered /home/ccuser/.gem/ruby/2.0.0/gems/actionpack-4.1.1/lib/action_dispatch/middleware/templates/rescues/routing_error.html.erb within rescues/layout (15.8ms)


Started GET "/contact" for 86.9.202.223 at 2016-02-23 08:17:32 -0500
Processing by PagesController#contact as HTML
  Rendered pages/contact.html.erb within layouts/application (0.1ms)
Completed 200 OK in 116ms (Views: 114.5ms | ActiveRecord: 0.0ms)


Started GET "/assets/pages.css?body=1" for 86.9.202.223 at 2016-02-23 08:17:33 -0500


Started GET "/assets/jquery.min.js?body=1" for 86.9.202.223 at 2016-02-23 08:17:33 -0500


Started GET "/assets/jquery_ujs.js?body=1" for 86.9.202.223 at 2016-02-23 08:17:33 -0500


Started GET "/assets/application.css?body=1" for 86.9.202.223 at 2016-02-23 08:17:33 -0500


Started GET "/assets/unslider.js?body=1" for 86.9.202.223 at 2016-02-23 08:17:33 -0500


Started GET "/assets/turbolinks.js?body=1" for 86.9.202.223 at 2016-02-23 08:17:33 -0500


Started GET "/assets/application.js?body=1" for 86.9.202.223 at 2016-02-23 08:17:33 -0500


Started GET "/assets/pages.js?body=1" for 86.9.202.223 at 2016-02-23 08:17:33 -0500


Started GET "/assets/facebook-70848fad6bf158b9a52e47d9bc956b8a.svg" for 86.9.202.223 at 2016-02-23 08:17:33 -0500

ActionController::RoutingError (No route matches [GET] "/assets/facebook-70848fad6bf158b9a52e47d9bc956b8a.svg"):
  actionpack (4.1.1) lib/action_dispatch/middleware/debug_exceptions.rb:21:in `call'
  actionpack (4.1.1) lib/action_dispatch/middleware/show_exceptions.rb:30:in `call'
  railties (4.1.1) lib/rails/rack/logger.rb:38:in `call_app'
  railties (4.1.1) lib/rails/rack/logger.rb:20:in `block in call'
  activesupport (4.1.1) lib/active_support/tagged_logging.rb:68:in `block in tagged'
  activesupport (4.1.1) lib/active_support/tagged_logging.rb:26:in `tagged'
  activesupport (4.1.1) lib/active_support/tagged_logging.rb:68:in `tagged'
  railties (4.1.1) lib/rails/rack/logger.rb:20:in `call'
  actionpack (4.1.1) lib/action_dispatch/middleware/request_id.rb:21:in `call'
  rack (1.5.5) lib/rack/methodoverride.rb:21:in `call'
  rack (1.5.5) lib/rack/runtime.rb:17:in `call'
  activesupport (4.1.1) lib/active_support/cache/strategy/local_cache_middleware.rb:26:in `call'
  rack (1.5.5) lib/rack/lock.rb:17:in `call'
  actionpack (4.1.1) lib/action_dispatch/middleware/static.rb:64:in `call'
  rack (1.5.5) lib/rack/sendfile.rb:112:in `call'
  railties (4.1.1) lib/rails/engine.rb:514:in `call'
  railties (4.1.1) lib/rails/application.rb:144:in `call'
  rack (1.5.5) lib/rack/lock.rb:17:in `call'
  rack (1.5.5) lib/rack/content_length.rb:14:in `call'
  rack (1.5.5) lib/rack/handler/webrick.rb:60:in `service'
  /usr/lib/ruby/2.0.0/webrick/httpserver.rb:138:in `service'
  /usr/lib/ruby/2.0.0/webrick/httpserver.rb:94:in `run'
  /usr/lib/ruby/2.0.0/webrick/server.rb:295:in `block in start_thread'


  Rendered /home/ccuser/.gem/ruby/2.0.0/gems/actionpack-4.1.1/lib/action_dispatch/middleware/templates/rescues/_trace.html.erb (1.0ms)
  Rendered /home/ccuser/.gem/ruby/2.0.0/gems/actionpack-4.1.1/lib/action_dispatch/middleware/templates/routes/_route.html.erb (1.0ms)
  Rendered /home/ccuser/.gem/ruby/2.0.0/gems/actionpack-4.1.1/lib/action_dispatch/middleware/templates/routes/_table.html.erb (0.9ms)
  Rendered /home/ccuser/.gem/ruby/2.0.0/gems/actionpack-4.1.1/lib/action_dispatch/middleware/templates/rescues/routing_error.html.erb within rescues/layout (16.8ms)


Started GET "/assets/gplus-b3a33145641e08e048cd10ed0ece59ce.svg" for 86.9.202.223 at 2016-02-23 08:17:33 -0500

ActionController::RoutingError (No route matches [GET] "/assets/gplus-b3a33145641e08e048cd10ed0ece59ce.svg"):
  actionpack (4.1.1) lib/action_dispatch/middleware/debug_exceptions.rb:21:in `call'
  actionpack (4.1.1) lib/action_dispatch/middleware/show_exceptions.rb:30:in `call'
  railties (4.1.1) lib/rails/rack/logger.rb:38:in `call_app'
  railties (4.1.1) lib/rails/rack/logger.rb:20:in `block in call'
  activesupport (4.1.1) lib/active_support/tagged_logging.rb:68:in `block in tagged'
  activesupport (4.1.1) lib/active_support/tagged_logging.rb:26:in `tagged'
  activesupport (4.1.1) lib/active_support/tagged_logging.rb:68:in `tagged'
  railties (4.1.1) lib/rails/rack/logger.rb:20:in `call'
  actionpack (4.1.1) lib/action_dispatch/middleware/request_id.rb:21:in `call'
  rack (1.5.5) lib/rack/methodoverride.rb:21:in `call'
  rack (1.5.5) lib/rack/runtime.rb:17:in `call'
  activesupport (4.1.1) lib/active_support/cache/strategy/local_cache_middleware.rb:26:in `call'
  rack (1.5.5) lib/rack/lock.rb:17:in `call'
  actionpack (4.1.1) lib/action_dispatch/middleware/static.rb:64:in `call'
  rack (1.5.5) lib/rack/sendfile.rb:112:in `call'
  railties (4.1.1) lib/rails/engine.rb:514:in `call'
  railties (4.1.1) lib/rails/application.rb:144:in `call'
  rack (1.5.5) lib/rack/lock.rb:17:in `call'
  rack (1.5.5) lib/rack/content_length.rb:14:in `call'
  rack (1.5.5) lib/rack/handler/webrick.rb:60:in `service'
  /usr/lib/ruby/2.0.0/webrick/httpserver.rb:138:in `service'
  /usr/lib/ruby/2.0.0/webrick/httpserver.rb:94:in `run'
  /usr/lib/ruby/2.0.0/webrick/server.rb:295:in `block in start_thread'


  Rendered /home/ccuser/.gem/ruby/2.0.0/gems/actionpack-4.1.1/lib/action_dispatch/middleware/templates/rescues/_trace.html.erb (0.9ms)
  Rendered /home/ccuser/.gem/ruby/2.0.0/gems/actionpack-4.1.1/lib/action_dispatch/middleware/templates/routes/_route.html.erb (0.8ms)
  Rendered /home/ccuser/.gem/ruby/2.0.0/gems/actionpack-4.1.1/lib/action_dispatch/middleware/templates/routes/_table.html.erb (0.9ms)
  Rendered /home/ccuser/.gem/ruby/2.0.0/gems/actionpack-4.1.1/lib/action_dispatch/middleware/templates/rescues/routing_error.html.erb within rescues/layout (13.8ms)


Started GET "/contact" for 86.9.202.223 at 2016-02-23 08:18:05 -0500
Processing by PagesController#contact as HTML
  Rendered pages/contact.html.erb within layouts/application (0.1ms)
Completed 200 OK in 117ms (Views: 116.7ms | ActiveRecord: 0.0ms)


Started GET "/assets/pages.css?body=1" for 86.9.202.223 at 2016-02-23 08:18:06 -0500


Started GET "/assets/jquery.min.js?body=1" for 86.9.202.223 at 2016-02-23 08:18:06 -0500


Started GET "/assets/application.css?body=1" for 86.9.202.223 at 2016-02-23 08:18:06 -0500


Started GET "/assets/jquery_ujs.js?body=1" for 86.9.202.223 at 2016-02-23 08:18:06 -0500


Started GET "/assets/turbolinks.js?body=1" for 86.9.202.223 at 2016-02-23 08:18:06 -0500


Started GET "/assets/unslider.js?body=1" for 86.9.202.223 at 2016-02-23 08:18:06 -0500


Started GET "/assets/pages.js?body=1" for 86.9.202.223 at 2016-02-23 08:18:06 -0500


Started GET "/assets/application.js?body=1" for 86.9.202.223 at 2016-02-23 08:18:06 -0500


Started GET "/assets/facebook-70848fad6bf158b9a52e47d9bc956b8a.svg" for 86.9.202.223 at 2016-02-23 08:18:06 -0500

ActionController::RoutingError (No route matches [GET] "/assets/facebook-70848fad6bf158b9a52e47d9bc956b8a.svg"):
  actionpack (4.1.1) lib/action_dispatch/middleware/debug_exceptions.rb:21:in `call'
  actionpack (4.1.1) lib/action_dispatch/middleware/show_exceptions.rb:30:in `call'
  railties (4.1.1) lib/rails/rack/logger.rb:38:in `call_app'
  railties (4.1.1) lib/rails/rack/logger.rb:20:in `block in call'
  activesupport (4.1.1) lib/active_support/tagged_logging.rb:68:in `block in tagged'
  activesupport (4.1.1) lib/active_support/tagged_logging.rb:26:in `tagged'
  activesupport (4.1.1) lib/active_support/tagged_logging.rb:68:in `tagged'
  railties (4.1.1) lib/rails/rack/logger.rb:20:in `call'
  actionpack (4.1.1) lib/action_dispatch/middleware/request_id.rb:21:in `call'
  rack (1.5.5) lib/rack/methodoverride.rb:21:in `call'
  rack (1.5.5) lib/rack/runtime.rb:17:in `call'
  activesupport (4.1.1) lib/active_support/cache/strategy/local_cache_middleware.rb:26:in `call'
  rack (1.5.5) lib/rack/lock.rb:17:in `call'
  actionpack (4.1.1) lib/action_dispatch/middleware/static.rb:64:in `call'
  rack (1.5.5) lib/rack/sendfile.rb:112:in `call'
  railties (4.1.1) lib/rails/engine.rb:514:in `call'
  railties (4.1.1) lib/rails/application.rb:144:in `call'
  rack (1.5.5) lib/rack/lock.rb:17:in `call'
  rack (1.5.5) lib/rack/content_length.rb:14:in `call'
  rack (1.5.5) lib/rack/handler/webrick.rb:60:in `service'
  /usr/lib/ruby/2.0.0/webrick/httpserver.rb:138:in `service'
  /usr/lib/ruby/2.0.0/webrick/httpserver.rb:94:in `run'
  /usr/lib/ruby/2.0.0/webrick/server.rb:295:in `block in start_thread'


  Rendered /home/ccuser/.gem/ruby/2.0.0/gems/actionpack-4.1.1/lib/action_dispatch/middleware/templates/rescues/_trace.html.erb (1.0ms)
  Rendered /home/ccuser/.gem/ruby/2.0.0/gems/actionpack-4.1.1/lib/action_dispatch/middleware/templates/routes/_route.html.erb (0.9ms)
  Rendered /home/ccuser/.gem/ruby/2.0.0/gems/actionpack-4.1.1/lib/action_dispatch/middleware/templates/routes/_table.html.erb (1.0ms)
  Rendered /home/ccuser/.gem/ruby/2.0.0/gems/actionpack-4.1.1/lib/action_dispatch/middleware/templates/rescues/routing_error.html.erb within rescues/layout (16.6ms)


Started GET "/assets/gplus-b3a33145641e08e048cd10ed0ece59ce.svg" for 86.9.202.223 at 2016-02-23 08:18:06 -0500

ActionController::RoutingError (No route matches [GET] "/assets/gplus-b3a33145641e08e048cd10ed0ece59ce.svg"):
  actionpack (4.1.1) lib/action_dispatch/middleware/debug_exceptions.rb:21:in `call'
  actionpack (4.1.1) lib/action_dispatch/middleware/show_exceptions.rb:30:in `call'
  railties (4.1.1) lib/rails/rack/logger.rb:38:in `call_app'
  railties (4.1.1) lib/rails/rack/logger.rb:20:in `block in call'
  activesupport (4.1.1) lib/active_support/tagged_logging.rb:68:in `block in tagged'
  activesupport (4.1.1) lib/active_support/tagged_logging.rb:26:in `tagged'
  activesupport (4.1.1) lib/active_support/tagged_logging.rb:68:in `tagged'
  railties (4.1.1) lib/rails/rack/logger.rb:20:in `call'
  actionpack (4.1.1) lib/action_dispatch/middleware/request_id.rb:21:in `call'
  rack (1.5.5) lib/rack/methodoverride.rb:21:in `call'
  rack (1.5.5) lib/rack/runtime.rb:17:in `call'
  activesupport (4.1.1) lib/active_support/cache/strategy/local_cache_middleware.rb:26:in `call'
  rack (1.5.5) lib/rack/lock.rb:17:in `call'
  actionpack (4.1.1) lib/action_dispatch/middleware/static.rb:64:in `call'
  rack (1.5.5) lib/rack/sendfile.rb:112:in `call'
  railties (4.1.1) lib/rails/engine.rb:514:in `call'
  railties (4.1.1) lib/rails/application.rb:144:in `call'
  rack (1.5.5) lib/rack/lock.rb:17:in `call'
  rack (1.5.5) lib/rack/content_length.rb:14:in `call'
  rack (1.5.5) lib/rack/handler/webrick.rb:60:in `service'
  /usr/lib/ruby/2.0.0/webrick/httpserver.rb:138:in `service'
  /usr/lib/ruby/2.0.0/webrick/httpserver.rb:94:in `run'
  /usr/lib/ruby/2.0.0/webrick/server.rb:295:in `block in start_thread'


  Rendered /home/ccuser/.gem/ruby/2.0.0/gems/actionpack-4.1.1/lib/action_dispatch/middleware/templates/rescues/_trace.html.erb (0.9ms)
  Rendered /home/ccuser/.gem/ruby/2.0.0/gems/actionpack-4.1.1/lib/action_dispatch/middleware/templates/routes/_route.html.erb (0.8ms)
  Rendered /home/ccuser/.gem/ruby/2.0.0/gems/actionpack-4.1.1/lib/action_dispatch/middleware/templates/routes/_table.html.erb (0.9ms)
  Rendered /home/ccuser/.gem/ruby/2.0.0/gems/actionpack-4.1.1/lib/action_dispatch/middleware/templates/rescues/routing_error.html.erb within rescues/layout (14.7ms)


Started GET "/" for 86.9.202.223 at 2016-02-23 08:18:16 -0500
Processing by PagesController#welcome as HTML
  Rendered pages/welcome.html.erb within layouts/application (1.0ms)
Completed 200 OK in 40ms (Views: 39.4ms | ActiveRecord: 0.0ms)


Started GET "/" for 86.9.202.223 at 2016-02-23 08:19:45 -0500
Processing by PagesController#welcome as HTML
  Rendered pages/welcome.html.erb within layouts/application (0.3ms)
Completed 200 OK in 81ms (Views: 79.8ms | ActiveRecord: 0.0ms)


Started GET "/assets/application.css?body=1" for 86.9.202.223 at 2016-02-23 08:19:45 -0500


Started GET "/assets/pages.css?body=1" for 86.9.202.223 at 2016-02-23 08:19:45 -0500


Started GET "/assets/pages.js?body=1" for 86.9.202.223 at 2016-02-23 08:19:45 -0500


Started GET "/assets/application.js?body=1" for 86.9.202.223 at 2016-02-23 08:19:45 -0500


Started GET "/assets/jquery.min.js?body=1" for 86.9.202.223 at 2016-02-23 08:19:46 -0500


Started GET "/assets/unslider.js?body=1" for 86.9.202.223 at 2016-02-23 08:19:46 -0500


Started GET "/assets/jquery_ujs.js?body=1" for 86.9.202.223 at 2016-02-23 08:19:46 -0500


Started GET "/assets/turbolinks.js?body=1" for 86.9.202.223 at 2016-02-23 08:19:46 -0500


Started GET "/contact" for 86.9.202.223 at 2016-02-23 08:20:00 -0500
Processing by PagesController#contact as HTML
  Rendered pages/contact.html.erb within layouts/application (0.1ms)
Completed 200 OK in 52ms (Views: 51.0ms | ActiveRecord: 0.0ms)


Started GET "/contact" for 86.9.202.223 at 2016-02-23 08:22:49 -0500
Processing by PagesController#contact as HTML
  Rendered pages/contact.html.erb within layouts/application (0.1ms)
Completed 200 OK in 63ms (Views: 62.3ms | ActiveRecord: 0.0ms)


Started GET "/assets/pages.css?body=1" for 86.9.202.223 at 2016-02-23 08:22:50 -0500


Started GET "/assets/jquery.min.js?body=1" for 86.9.202.223 at 2016-02-23 08:22:50 -0500


Started GET "/assets/application.css?body=1" for 86.9.202.223 at 2016-02-23 08:22:50 -0500


Started GET "/assets/unslider.js?body=1" for 86.9.202.223 at 2016-02-23 08:22:50 -0500


Started GET "/assets/jquery_ujs.js?body=1" for 86.9.202.223 at 2016-02-23 08:22:50 -0500


Started GET "/assets/turbolinks.js?body=1" for 86.9.202.223 at 2016-02-23 08:22:50 -0500


Started GET "/assets/application.js?body=1" for 86.9.202.223 at 2016-02-23 08:22:50 -0500


Started GET "/assets/pages.js?body=1" for 86.9.202.223 at 2016-02-23 08:22:50 -0500


Started GET "/" for 86.9.202.223 at 2016-02-23 08:24:22 -0500
Processing by PagesController#welcome as HTML
  Rendered pages/welcome.html.erb within layouts/application (1.3ms)
Completed 200 OK in 103ms (Views: 95.1ms | ActiveRecord: 0.0ms)


Started GET "/assets/pages.css?body=1" for 86.9.202.223 at 2016-02-23 08:24:22 -0500


Started GET "/assets/pages.js?body=1" for 86.9.202.223 at 2016-02-23 08:24:22 -0500


Started GET "/assets/application.css?body=1" for 86.9.202.223 at 2016-02-23 08:24:23 -0500


Started GET "/assets/jquery_ujs.js?body=1" for 86.9.202.223 at 2016-02-23 08:24:23 -0500


Started GET "/assets/jquery.min.js?body=1" for 86.9.202.223 at 2016-02-23 08:24:23 -0500


Started GET "/assets/unslider.js?body=1" for 86.9.202.223 at 2016-02-23 08:24:23 -0500


Started GET "/assets/turbolinks.js?body=1" for 86.9.202.223 at 2016-02-23 08:24:23 -0500


Started GET "/assets/application.js?body=1" for 86.9.202.223 at 2016-02-23 08:24:23 -0500
